\BOOKMARK [0][]{chapter.1}{1 Einleitung}{}
\BOOKMARK [1][]{section.1.1}{1.1 Thema der Vorlesung}{chapter.1}
\BOOKMARK [1][]{section.1.2}{1.2 Vorarbeiten}{chapter.1}
\BOOKMARK [2][]{subsection.1.2.1}{1.2.1 Ableitung in Banachr\344ume und implizite Funktionen}{section.1.2}
\BOOKMARK [0][]{chapter.2}{2 Der Brouwer'sche Abbildungsgrad}{}
\BOOKMARK [1][]{section.2.1}{2.1 Die Determinantenformel}{chapter.2}
\BOOKMARK [1][]{section.2.2}{2.2 Verallgemeinerung der Determinantenformel}{chapter.2}
\BOOKMARK [1][]{section.2.3}{2.3 Der Brouwer'sche Fixpunktsatz}{chapter.2}
\BOOKMARK [1][]{section.2.4}{2.4 Weitere Eigenschaften des Abbildungsgrades}{chapter.2}
\BOOKMARK [1][]{section.2.5}{2.5 Der Fixpunktsatz von Kakutani und eine Anwendung in der Spieltheorie}{chapter.2}
\BOOKMARK [0][]{chapter.3}{3 Der Leray-Schauder Grad und der Schauder'sche Fixpunktsatz}{}
\BOOKMARK [1][]{section.3.1}{3.1 Der Abbildungsgrad auf endlichen Banachr\344umen}{chapter.3}
\BOOKMARK [1][]{section.3.2}{3.2 Kompakte Operatoren}{chapter.3}
\BOOKMARK [1][]{section.3.3}{3.3 Der Leray-Schauder Grad}{chapter.3}
\BOOKMARK [1][]{section.3.4}{3.4 Das Leray-Schauder-Prinzip und der Schauder'sche Fixpunktsatz}{chapter.3}
\BOOKMARK [0][]{chapter.4}{4 Monotone Operatoren}{}
\BOOKMARK [1][]{section.4.1}{4.1 Der Nemyckii-Operator}{chapter.4}
\BOOKMARK [1][]{section.4.2}{4.2 Pseudomonotone Operatoren}{chapter.4}
\BOOKMARK [2][]{subsection.4.2.1}{4.2.1 Evolutionsprobleme}{section.4.2}
\BOOKMARK [0][]{chapter.5}{5 Variationsrechnung}{}
